
> adcraft-day-book@0.0.0 electron:build
> vite build && electron-builder

[36mvite v5.4.21 [32mbuilding for production...[36m[39m
transforming...

[1m[33mwarn[39m[22m - Your `content` configuration includes a pattern which looks like it's accidentally matching all of `node_modules` and can cause serious performance issues.
[1m[33mwarn[39m[22m - Pattern: `./**\*.ts`
[1m[33mwarn[39m[22m - See our documentation for recommendations:
[1m[33mwarn[39m[22m - https://tailwindcss.com/docs/content-configuration#pattern-recommendations
[32m✓[39m 2783 modules transformed.
rendering chunks...
computing gzip size...
[2mdist/[22m[32mindex.html                            [39m[1m[2m    0.53 kB[22m[1m[22m[2m │ gzip:   0.35 kB[22m
[2mdist/[22m[32massets/invoice_template-m659eEdz.png  [39m[1m[2m  146.20 kB[22m[1m[22m
[2mdist/[22m[35massets/index-CtmYmhn8.css             [39m[1m[2m   51.06 kB[22m[1m[22m[2m │ gzip:   9.30 kB[22m
[2mdist/[22m[36massets/purify.es-B9ZVCkUG.js          [39m[1m[2m   22.64 kB[22m[1m[22m[2m │ gzip:   8.75 kB[22m
[2mdist/[22m[36massets/index.es-B_wGEUjD.js           [39m[1m[2m  150.44 kB[22m[1m[22m[2m │ gzip:  51.42 kB[22m
[2mdist/[22m[36massets/html2canvas.esm-CBrSDip1.js    [39m[1m[2m  201.42 kB[22m[1m[22m[2m │ gzip:  48.03 kB[22m
[2mdist/[22m[36massets/index-CFKP8U1f.js              [39m[1m[33m1,043.78 kB[39m[22m[2m │ gzip: 319.82 kB[22m
[33m
(!) Some chunks are larger than 500 kB after minification. Consider:
- Using dynamic import() to code-split the application
- Use build.rollupOptions.output.manualChunks to improve chunking: https://rollupjs.org/configuration-options/#output-manualchunks
- Adjust chunk size limit for this warning via build.chunkSizeWarningLimit.[39m
[32m✓ built in 56.86s[39m
  • electron-builder  version=26.0.12 os=10.0.26200
  • loaded configuration  file=package.json ("build" field)
  • description is missed in the package.json  appPackageFile=C:\work\bella\appliction\moblie app\day book\package.json
  • author is missed in the package.json  appPackageFile=C:\work\bella\appliction\moblie app\day book\package.json
  • executing @electron/rebuild  electronVersion=39.2.7 arch=x64 buildFromSource=false appDir=./
  • installing native dependencies  arch=x64
  • completed installing native dependencies
  • packaging       platform=win32 arch=x64 electron=39.2.7 appOutDir=release\win-unpacked
(node:8516) [DEP0190] DeprecationWarning: Passing args to a child process with shell option true can lead to security vulnerabilities, as the arguments are not escaped, only concatenated.
(Use `node --trace-deprecation ...` to show where the warning was created)
  • updating asar integrity executable resource  executablePath=release\win-unpacked\AdCraft Day Book.exe
  • downloading     url=https://github.com/electron-userland/electron-builder-binaries/releases/download/winCodeSign-2.6.0/winCodeSign-2.6.0.7z size=5.6 MB parts=1
  • downloaded      url=https://github.com/electron-userland/electron-builder-binaries/releases/download/winCodeSign-2.6.0/winCodeSign-2.6.0.7z duration=1.442s
  ⨯ cannot execute  cause=exit status 2
                    out=
    7-Zip (a) 21.07 (x64) : Copyright (c) 1999-2021 Igor Pavlov : 2021-12-26
    
    Scanning the drive for archives:
    1 file, 5635384 bytes (5504 KiB)
    
    Extracting archive: C:\Users\nmsss\AppData\Local\electron-builder\Cache\winCodeSign\445918731.7z
    --
    Path = C:\Users\nmsss\AppData\Local\electron-builder\Cache\winCodeSign\445918731.7z
    Type = 7z
    Physical Size = 5635384
    Headers Size = 1492
    Method = LZMA2:24m LZMA:20 BCJ2
    Solid = +
    Blocks = 2
    
    
    Sub items Errors: 2
    
    Archives with Errors: 1
    
    Sub items Errors: 2
    
                    errorOut=ERROR: Cannot create symbolic link : A required privilege is not held by the client. : C:\Users\nmsss\AppData\Local\electron-builder\Cache\winCodeSign\445918731\darwin\10.12\lib\libcrypto.dylib
    ERROR: Cannot create symbolic link : A required privilege is not held by the client. : C:\Users\nmsss\AppData\Local\electron-builder\Cache\winCodeSign\445918731\darwin\10.12\lib\libssl.dylib
    
                    command='C:\work\bella\appliction\moblie app\day book\node_modules\7zip-bin\win\x64\7za.exe' x -snld -bd 'C:\Users\nmsss\AppData\Local\electron-builder\Cache\winCodeSign\445918731.7z' '-oC:\Users\nmsss\AppData\Local\electron-builder\Cache\winCodeSign\445918731'
                    workingDir=C:\Users\nmsss\AppData\Local\electron-builder\Cache\winCodeSign
  • Above command failed, retrying 3 more times
  • downloading     url=https://github.com/electron-userland/electron-builder-binaries/releases/download/winCodeSign-2.6.0/winCodeSign-2.6.0.7z size=5.6 MB parts=1
  • downloaded      url=https://github.com/electron-userland/electron-builder-binaries/releases/download/winCodeSign-2.6.0/winCodeSign-2.6.0.7z duration=1.483s
  ⨯ cannot execute  cause=exit status 2
                    out=
    7-Zip (a) 21.07 (x64) : Copyright (c) 1999-2021 Igor Pavlov : 2021-12-26
    
    Scanning the drive for archives:
    1 file, 5635384 bytes (5504 KiB)
    
    Extracting archive: C:\Users\nmsss\AppData\Local\electron-builder\Cache\winCodeSign\009487951.7z
    --
    Path = C:\Users\nmsss\AppData\Local\electron-builder\Cache\winCodeSign\009487951.7z
    Type = 7z
    Physical Size = 5635384
    Headers Size = 1492
    Method = LZMA2:24m LZMA:20 BCJ2
    Solid = +
    Blocks = 2
    
    
    Sub items Errors: 2
    
    Archives with Errors: 1
    
    Sub items Errors: 2
    
                    errorOut=ERROR: Cannot create symbolic link : A required privilege is not held by the client. : C:\Users\nmsss\AppData\Local\electron-builder\Cache\winCodeSign\009487951\darwin\10.12\lib\libcrypto.dylib
    ERROR: Cannot create symbolic link : A required privilege is not held by the client. : C:\Users\nmsss\AppData\Local\electron-builder\Cache\winCodeSign\009487951\darwin\10.12\lib\libssl.dylib
    
                    command='C:\work\bella\appliction\moblie app\day book\node_modules\7zip-bin\win\x64\7za.exe' x -snld -bd 'C:\Users\nmsss\AppData\Local\electron-builder\Cache\winCodeSign\009487951.7z' '-oC:\Users\nmsss\AppData\Local\electron-builder\Cache\winCodeSign\009487951'
                    workingDir=C:\Users\nmsss\AppData\Local\electron-builder\Cache\winCodeSign
  • Above command failed, retrying 3 more times
  • downloading     url=https://github.com/electron-userland/electron-builder-binaries/releases/download/winCodeSign-2.6.0/winCodeSign-2.6.0.7z size=5.6 MB parts=1
  • downloaded      url=https://github.com/electron-userland/electron-builder-binaries/releases/download/winCodeSign-2.6.0/winCodeSign-2.6.0.7z duration=969ms
  ⨯ cannot execute  cause=exit status 2
                    out=
    7-Zip (a) 21.07 (x64) : Copyright (c) 1999-2021 Igor Pavlov : 2021-12-26
    
    Scanning the drive for archives:
    1 file, 5635384 bytes (5504 KiB)
    
    Extracting archive: C:\Users\nmsss\AppData\Local\electron-builder\Cache\winCodeSign\692874983.7z
    --
    Path = C:\Users\nmsss\AppData\Local\electron-builder\Cache\winCodeSign\692874983.7z
    Type = 7z
    Physical Size = 5635384
    Headers Size = 1492
    Method = LZMA2:24m LZMA:20 BCJ2
    Solid = +
    Blocks = 2
    
    
    Sub items Errors: 2
    
    Archives with Errors: 1
    
    Sub items Errors: 2
    
                    errorOut=ERROR: Cannot create symbolic link : A required privilege is not held by the client. : C:\Users\nmsss\AppData\Local\electron-builder\Cache\winCodeSign\692874983\darwin\10.12\lib\libcrypto.dylib
    ERROR: Cannot create symbolic link : A required privilege is not held by the client. : C:\Users\nmsss\AppData\Local\electron-builder\Cache\winCodeSign\692874983\darwin\10.12\lib\libssl.dylib
    
                    command='C:\work\bella\appliction\moblie app\day book\node_modules\7zip-bin\win\x64\7za.exe' x -snld -bd 'C:\Users\nmsss\AppData\Local\electron-builder\Cache\winCodeSign\692874983.7z' '-oC:\Users\nmsss\AppData\Local\electron-builder\Cache\winCodeSign\692874983'
                    workingDir=C:\Users\nmsss\AppData\Local\electron-builder\Cache\winCodeSign
  • Above command failed, retrying 3 more times
  • downloading     url=https://github.com/electron-userland/electron-builder-binaries/releases/download/winCodeSign-2.6.0/winCodeSign-2.6.0.7z size=5.6 MB parts=1
  • downloaded      url=https://github.com/electron-userland/electron-builder-binaries/releases/download/winCodeSign-2.6.0/winCodeSign-2.6.0.7z duration=1.406s
  ⨯ cannot execute  cause=exit status 2
                    out=
    7-Zip (a) 21.07 (x64) : Copyright (c) 1999-2021 Igor Pavlov : 2021-12-26
    
    Scanning the drive for archives:
    1 file, 5635384 bytes (5504 KiB)
    
    Extracting archive: C:\Users\nmsss\AppData\Local\electron-builder\Cache\winCodeSign\483479391.7z
    --
    Path = C:\Users\nmsss\AppData\Local\electron-builder\Cache\winCodeSign\483479391.7z
    Type = 7z
    Physical Size = 5635384
    Headers Size = 1492
    Method = LZMA2:24m LZMA:20 BCJ2
    Solid = +
    Blocks = 2
    
    
    Sub items Errors: 2
    
    Archives with Errors: 1
    
    Sub items Errors: 2
    
                    errorOut=ERROR: Cannot create symbolic link : A required privilege is not held by the client. : C:\Users\nmsss\AppData\Local\electron-builder\Cache\winCodeSign\483479391\darwin\10.12\lib\libcrypto.dylib
    ERROR: Cannot create symbolic link : A required privilege is not held by the client. : C:\Users\nmsss\AppData\Local\electron-builder\Cache\winCodeSign\483479391\darwin\10.12\lib\libssl.dylib
    
                    command='C:\work\bella\appliction\moblie app\day book\node_modules\7zip-bin\win\x64\7za.exe' x -snld -bd 'C:\Users\nmsss\AppData\Local\electron-builder\Cache\winCodeSign\483479391.7z' '-oC:\Users\nmsss\AppData\Local\electron-builder\Cache\winCodeSign\483479391'
                    workingDir=C:\Users\nmsss\AppData\Local\electron-builder\Cache\winCodeSign
  • Above command failed, retrying 3 more times
